<?xml version="1.0" encoding="UTF-8"?>
<testng-results ignored="0" total="1" passed="1" failed="0" skipped="0">
  <reporter-output>
  </reporter-output>
  <suite started-at="2025-01-15T11:47:50 IST" name="Default suite" finished-at="2025-01-15T11:48:01 IST" duration-ms="11621">
    <groups>
    </groups>
    <test started-at="2025-01-15T11:47:50 IST" name="Default test" finished-at="2025-01-15T11:48:01 IST" duration-ms="11621">
      <class name="com.hybrid.test.FirstClass">
        <test-method signature="browserInvoke()[pri:0, instance:com.hybrid.test.FirstClass@7b36aa0c]" started-at="2025-01-15T11:47:50 IST" name="browserInvoke" finished-at="2025-01-15T11:48:01 IST" duration-ms="11537" status="PASS">
          <reporter-output>
          </reporter-output>
        </test-method> <!-- browserInvoke -->
      </class> <!-- com.hybrid.test.FirstClass -->
    </test> <!-- Default test -->
  </suite> <!-- Default suite -->
</testng-results>
